Using pre-set license
Built from '2022.3/staging' branch; Version is '2022.3.19f1 (244b723c30a6) revision 2378610'; Using compiler version '192829333'; Build Type 'Release'
OS: 'Windows 11  (10.0.22631) 64bit Core' Language: 'de' Physical Memory: 16106 MB
BatchMode: 1, IsHumanControllingUs: 0, StartBugReporterOnCrash: 0, Is64bit: 1, IsPro: 1

COMMAND LINE ARGUMENTS:
C:\Program Files\Unity\Hub\Editor\2022.3.19f1\Editor\Unity.exe
-adb2
-batchMode
-noUpm
-name
AssetImportWorker0
-projectPath
C:/Unity Projects/GamesDevelopment_3133761/GD_BSCH
-logFile
Logs/AssetImportWorker0.log
-srvPort
60917
Successfully changed project path to: C:/Unity Projects/GamesDevelopment_3133761/GD_BSCH
C:/Unity Projects/GamesDevelopment_3133761/GD_BSCH
[UnityMemory] Configuration Parameters - Can be set up in boot.config
    "memorysetup-bucket-allocator-granularity=16"
    "memorysetup-bucket-allocator-bucket-count=8"
    "memorysetup-bucket-allocator-block-size=33554432"
    "memorysetup-bucket-allocator-block-count=8"
    "memorysetup-main-allocator-block-size=16777216"
    "memorysetup-thread-allocator-block-size=16777216"
    "memorysetup-gfx-main-allocator-block-size=16777216"
    "memorysetup-gfx-thread-allocator-block-size=16777216"
    "memorysetup-cache-allocator-block-size=4194304"
    "memorysetup-typetree-allocator-block-size=2097152"
    "memorysetup-profiler-bucket-allocator-granularity=16"
    "memorysetup-profiler-bucket-allocator-bucket-count=8"
    "memorysetup-profiler-bucket-allocator-block-size=33554432"
    "memorysetup-profiler-bucket-allocator-block-count=8"
    "memorysetup-profiler-allocator-block-size=16777216"
    "memorysetup-profiler-editor-allocator-block-size=1048576"
    "memorysetup-temp-allocator-size-main=16777216"
    "memorysetup-job-temp-allocator-block-size=2097152"
    "memorysetup-job-temp-allocator-block-size-background=1048576"
    "memorysetup-job-temp-allocator-reduction-small-platforms=262144"
    "memorysetup-allocator-temp-initial-block-size-main=262144"
    "memorysetup-allocator-temp-initial-block-size-worker=262144"
    "memorysetup-temp-allocator-size-background-worker=32768"
    "memorysetup-temp-allocator-size-job-worker=262144"
    "memorysetup-temp-allocator-size-preload-manager=33554432"
    "memorysetup-temp-allocator-size-nav-mesh-worker=65536"
    "memorysetup-temp-allocator-size-audio-worker=65536"
    "memorysetup-temp-allocator-size-cloud-worker=32768"
    "memorysetup-temp-allocator-size-gi-baking-worker=262144"
    "memorysetup-temp-allocator-size-gfx=262144"
Player connection [22152] Host "[IP] 172.31.80.1 [Port] 0 [Flags] 2 [Guid] 3830836406 [EditorId] 3830836406 [Version] 1048832 [Id] WindowsEditor(7,Mavroh_Laptop) [Debug] 1 [PackageName] WindowsEditor [ProjectName] Editor" joined multi-casting on [225.0.0.222:54997]...

Player connection [22152] Host "[IP] 172.31.80.1 [Port] 0 [Flags] 2 [Guid] 3830836406 [EditorId] 3830836406 [Version] 1048832 [Id] WindowsEditor(7,Mavroh_Laptop) [Debug] 1 [PackageName] WindowsEditor [ProjectName] Editor" joined alternative multi-casting on [225.0.0.222:34997]...

[Physics::Module] Initialized MultithreadedJobDispatcher with 7 workers.
Refreshing native plugins compatible for Editor in 31.49 ms, found 9 plugins.
Preloading 0 native plugins for Editor in 0.00 ms.
Initialize engine version: 2022.3.19f1 (244b723c30a6)
[Subsystems] Discovering subsystems at path C:/Program Files/Unity/Hub/Editor/2022.3.19f1/Editor/Data/Resources/UnitySubsystems
[Subsystems] Discovering subsystems at path C:/Unity Projects/GamesDevelopment_3133761/GD_BSCH/Assets
GfxDevice: creating device client; threaded=0; jobified=0
Direct3D:
    Version:  Direct3D 11.0 [level 11.1]
    Renderer: Intel(R) Iris(R) Xe Graphics (ID=0x9a49)
    Vendor:   Intel
    VRAM:     8053 MB
    Driver:   31.0.101.4953
Initialize mono
Mono path[0] = 'C:/Program Files/Unity/Hub/Editor/2022.3.19f1/Editor/Data/Managed'
Mono path[1] = 'C:/Program Files/Unity/Hub/Editor/2022.3.19f1/Editor/Data/MonoBleedingEdge/lib/mono/unityjit-win32'
Mono config path = 'C:/Program Files/Unity/Hub/Editor/2022.3.19f1/Editor/Data/MonoBleedingEdge/etc'
Using monoOptions --debugger-agent=transport=dt_socket,embedding=1,server=y,suspend=n,address=127.0.0.1:56128
Begin MonoManager ReloadAssembly
Registering precompiled unity dll's ...
Register platform support module: C:/Program Files/Unity/Hub/Editor/2022.3.19f1/Editor/Data/PlaybackEngines/WindowsStandaloneSupport/UnityEditor.WindowsStandalone.Extensions.dll
Registered in 0.008200 seconds.
- Loaded All Assemblies, in  0.578 seconds
Native extension for WindowsStandalone target not found
Mono: successfully reloaded assembly
- Finished resetting the current domain, in  0.432 seconds
Domain Reload Profiling: 1008ms
	BeginReloadAssembly (168ms)
		ExecutionOrderSort (0ms)
		DisableScriptedObjects (0ms)
		BackupInstance (0ms)
		ReleaseScriptingObjects (0ms)
		CreateAndSetChildDomain (1ms)
	RebuildCommonClasses (57ms)
	RebuildNativeTypeToScriptingClass (19ms)
	initialDomainReloadingComplete (95ms)
	LoadAllAssembliesAndSetupDomain (237ms)
		LoadAssemblies (164ms)
		RebuildTransferFunctionScriptingTraits (0ms)
		AnalyzeDomain (235ms)
			TypeCache.Refresh (233ms)
				TypeCache.ScanAssembly (214ms)
			ScanForSourceGeneratedMonoScriptInfo (1ms)
			ResolveRequiredComponents (1ms)
	FinalizeReload (432ms)
		ReleaseScriptCaches (0ms)
		RebuildScriptCaches (0ms)
		SetupLoadedEditorAssemblies (341ms)
			LogAssemblyErrors (0ms)
			InitializePlatformSupportModulesInManaged (13ms)
			SetLoadedEditorAssemblies (13ms)
			RefreshPlugins (0ms)
			BeforeProcessingInitializeOnLoad (4ms)
			ProcessInitializeOnLoadAttributes (234ms)
			ProcessInitializeOnLoadMethodAttributes (76ms)
			AfterProcessingInitializeOnLoad (0ms)
			EditorAssembliesLoaded (0ms)
		ExecutionOrderSort2 (0ms)
		AwakeInstancesAfterBackupRestoration (0ms)
========================================================================
Worker process is ready to serve import requests
Begin MonoManager ReloadAssembly
- Loaded All Assemblies, in  1.150 seconds
Refreshing native plugins compatible for Editor in 14.10 ms, found 9 plugins.
Native extension for WindowsStandalone target not found
Package Manager log level set to [2]
[Package Manager] Server::EnsureServerProcessIsRunning -- launch failed, reason: Unity was launched with the -noUpm command-line argument
[Package Manager] UpmClient::Send -- Unable to send message (not connected to UPM process).
[Package Manager] Cannot connect to Unity Package Manager local server
Mono: successfully reloaded assembly
- Finished resetting the current domain, in  1.613 seconds
Domain Reload Profiling: 2753ms
	BeginReloadAssembly (207ms)
		ExecutionOrderSort (0ms)
		DisableScriptedObjects (10ms)
		BackupInstance (0ms)
		ReleaseScriptingObjects (0ms)
		CreateAndSetChildDomain (32ms)
	RebuildCommonClasses (53ms)
	RebuildNativeTypeToScriptingClass (11ms)
	initialDomainReloadingComplete (51ms)
	LoadAllAssembliesAndSetupDomain (817ms)
		LoadAssemblies (496ms)
		RebuildTransferFunctionScriptingTraits (0ms)
		AnalyzeDomain (427ms)
			TypeCache.Refresh (363ms)
				TypeCache.ScanAssembly (333ms)
			ScanForSourceGeneratedMonoScriptInfo (44ms)
			ResolveRequiredComponents (17ms)
	FinalizeReload (1614ms)
		ReleaseScriptCaches (0ms)
		RebuildScriptCaches (0ms)
		SetupLoadedEditorAssemblies (1147ms)
			LogAssemblyErrors (0ms)
			InitializePlatformSupportModulesInManaged (8ms)
			SetLoadedEditorAssemblies (9ms)
			RefreshPlugins (0ms)
			BeforeProcessingInitializeOnLoad (127ms)
			ProcessInitializeOnLoadAttributes (903ms)
			ProcessInitializeOnLoadMethodAttributes (87ms)
			AfterProcessingInitializeOnLoad (12ms)
			EditorAssembliesLoaded (0ms)
		ExecutionOrderSort2 (0ms)
		AwakeInstancesAfterBackupRestoration (10ms)
Launched and connected shader compiler UnityShaderCompiler.exe after 0.10 seconds
Refreshing native plugins compatible for Editor in 15.63 ms, found 9 plugins.
Preloading 0 native plugins for Editor in 0.00 ms.
Unloading 5368 Unused Serialized files (Serialized files now loaded: 0)
Unloading 106 unused Assets / (0.9 MB). Loaded Objects now: 5818.
Memory consumption went from 191.7 MB to 190.7 MB.
Total: 6.418500 ms (FindLiveObjects: 0.528100 ms CreateObjectMapping: 0.279200 ms MarkObjects: 4.896900 ms  DeleteObjects: 0.712500 ms)

AssetImportParameters requested are different than current active one (requested -> active):
  custom:container-demuxer-ogg: 62fdf1f143b41e24485cea50d1cbac27 -> 
  custom:video-codec-MediaFoundation-h265: 746d11721c4dcdbdad8f713fa42b33f4 -> 
  custom:video-decoder-ogg-theora: a1e56fd34408186e4bbccfd4996cb3dc -> 
  custom:framework-win-MediaFoundation: 216162199b28c13a410421893ffa2e32 -> 
  custom:CustomObjectIndexerAttribute: 6d391050e5a25f67b0a2c618074f2cd9 -> 
  custom:container-demuxer-webm: 4f35f7cbe854078d1ac9338744f61a02 -> 
  custom:container-muxer-webm: aa71ff27fc2769a1b78a27578f13a17b -> 
  custom:video-decoder-webm-vp8: 9c59270c3fd7afecdb556c50c9e8de78 -> 
  custom:SearchIndexIgnoredProperties: e643bd26f0fe6173181afceb89e7c659 -> 
  custom:AudioImporter_EditorPlatform: d09bf68614088b80899f8185d706f6e7 -> 
  custom:video-encoder-webm-vp8: eb34c28f22e8b96e1ab97ce403110664 -> 
  custom:audio-decoder-ogg-vorbis: bf7c407c2cedff20999df2af8eb42d56 -> 
  custom:audio-encoder-webm-vorbis: bf7c407c2cedff20999df2af8eb42d56 -> 
========================================================================
Received Import Request.
  Time since last request: 781637.167541 seconds.
  path: Assets/Scenes/New Scene.unity
  artifactKey: Guid(4fd1cc74f8fff0d43880a10346e95fed) Importer(815301076,1909f56bfc062723c751e8b465ee728b)
Start importing Assets/Scenes/New Scene.unity using Guid(4fd1cc74f8fff0d43880a10346e95fed) Importer(815301076,1909f56bfc062723c751e8b465ee728b)  -> (artifact id: 'fbc570a7eee9e1d012b03d82f8fa800a') in 0.004942 seconds
Number of updated asset objects reloaded before import = 0
Number of asset objects unloaded after import = 0
========================================================================
Received Import Request.
  Time since last request: 18.547042 seconds.
  path: Assets/Scenes/Exercise 8.unity
  artifactKey: Guid(4fd1cc74f8fff0d43880a10346e95fed) Importer(815301076,1909f56bfc062723c751e8b465ee728b)
Start importing Assets/Scenes/Exercise 8.unity using Guid(4fd1cc74f8fff0d43880a10346e95fed) Importer(815301076,1909f56bfc062723c751e8b465ee728b)  -> (artifact id: 'b6a8b7fac43ec81defef6ff992159f9e') in 0.001479 seconds
Number of updated asset objects reloaded before import = 0
Number of asset objects unloaded after import = 0
========================================================================
Received Import Request.
  Time since last request: 8.538535 seconds.
  path: Assets/Material/Materials
  artifactKey: Guid(211cd18ef100a604a87640080aab4bc3) Importer(815301076,1909f56bfc062723c751e8b465ee728b)
Start importing Assets/Material/Materials using Guid(211cd18ef100a604a87640080aab4bc3) Importer(815301076,1909f56bfc062723c751e8b465ee728b)  -> (artifact id: '61cf42639b724be3e8e793719143d78e') in 0.000803 seconds
Number of updated asset objects reloaded before import = 0
Number of asset objects unloaded after import = 0
========================================================================
Received Import Request.
  Time since last request: 0.042031 seconds.
  path: Assets/Material/Materials/counterstrikeleveltopdown 2.mat
  artifactKey: Guid(8639c78dbb89d0c4795670881eb53d0b) Importer(815301076,1909f56bfc062723c751e8b465ee728b)
Start importing Assets/Material/Materials/counterstrikeleveltopdown 2.mat using Guid(8639c78dbb89d0c4795670881eb53d0b) Importer(815301076,1909f56bfc062723c751e8b465ee728b)  -> (artifact id: 'a6be579200a4147f9fb979ace2cf7101') in 0.149166 seconds
Number of updated asset objects reloaded before import = 0
Number of asset objects unloaded after import = 2
========================================================================
Received Import Request.
  Time since last request: 2.454994 seconds.
  path: Assets/Material/Exercise 7.unity
  artifactKey: Guid(52b0efe44f5e4dc49af95262f5980baa) Importer(815301076,1909f56bfc062723c751e8b465ee728b)
Start importing Assets/Material/Exercise 7.unity using Guid(52b0efe44f5e4dc49af95262f5980baa) Importer(815301076,1909f56bfc062723c751e8b465ee728b)  -> (artifact id: '07a2824e37bcd75bef060f81f8c93326') in 0.000818 seconds
Number of updated asset objects reloaded before import = 0
Number of asset objects unloaded after import = 0
========================================================================
Received Import Request.
  Time since last request: 8.857611 seconds.
  path: Assets/Material/Exercise 7.unity
  artifactKey: Guid(f32096c52c870054388e826f3f1ff558) Importer(815301076,1909f56bfc062723c751e8b465ee728b)
Start importing Assets/Material/Exercise 7.unity using Guid(f32096c52c870054388e826f3f1ff558) Importer(815301076,1909f56bfc062723c751e8b465ee728b)  -> (artifact id: 'a0f275bf3218a5b3596e18d5bf6978bf') in 0.001385 seconds
Number of updated asset objects reloaded before import = 0
Number of asset objects unloaded after import = 0
========================================================================
Received Import Request.
  Time since last request: 50.123466 seconds.
  path: Assets/Material/oily-tubework_albedo.png
  artifactKey: Guid(6d2853a1890d72b42830a9fac8188a2b) Importer(815301076,1909f56bfc062723c751e8b465ee728b)
Start importing Assets/Material/oily-tubework_albedo.png using Guid(6d2853a1890d72b42830a9fac8188a2b) Importer(815301076,1909f56bfc062723c751e8b465ee728b)  -> (artifact id: '66e5d9fde3e0949c96c3a72dddeaca8e') in 0.031163 seconds
Number of updated asset objects reloaded before import = 0
Number of asset objects unloaded after import = 2
========================================================================
Received Import Request.
  Time since last request: 0.000040 seconds.
  path: Assets/Material/oily-tubework_height.png
  artifactKey: Guid(88fd1399c42808541a5696bc72a30735) Importer(815301076,1909f56bfc062723c751e8b465ee728b)
Start importing Assets/Material/oily-tubework_height.png using Guid(88fd1399c42808541a5696bc72a30735) Importer(815301076,1909f56bfc062723c751e8b465ee728b)  -> (artifact id: '703278ea492a1937f0a20accee0d7ab2') in 0.018118 seconds
Number of updated asset objects reloaded before import = 0
Number of asset objects unloaded after import = 2
========================================================================
Received Import Request.
  Time since last request: 36.176138 seconds.
  path: Assets/Material/oily-tubeworks.mat
  artifactKey: Guid(2d841a90f2b0b4e4a9f9656163aa8353) Importer(815301076,1909f56bfc062723c751e8b465ee728b)
Start importing Assets/Material/oily-tubeworks.mat using Guid(2d841a90f2b0b4e4a9f9656163aa8353) Importer(815301076,1909f56bfc062723c751e8b465ee728b)  -> (artifact id: '0beedab4b0c77b67b89702857c4c0c75') in 0.023615 seconds
Number of updated asset objects reloaded before import = 0
Number of asset objects unloaded after import = 1
========================================================================
Received Prepare
Begin MonoManager ReloadAssembly
- Loaded All Assemblies, in  1.058 seconds
Refreshing native plugins compatible for Editor in 13.71 ms, found 9 plugins.
Native extension for WindowsStandalone target not found
[Package Manager] Server::EnsureServerProcessIsRunning -- launch failed, reason: Unity was launched with the -noUpm command-line argument
[Package Manager] UpmClient::Send -- Unable to send message (not connected to UPM process).
[Package Manager] Cannot connect to Unity Package Manager local server
Mono: successfully reloaded assembly
- Finished resetting the current domain, in  1.864 seconds
Domain Reload Profiling: 2915ms
	BeginReloadAssembly (216ms)
		ExecutionOrderSort (0ms)
		DisableScriptedObjects (14ms)
		BackupInstance (0ms)
		ReleaseScriptingObjects (0ms)
		CreateAndSetChildDomain (58ms)
	RebuildCommonClasses (55ms)
	RebuildNativeTypeToScriptingClass (15ms)
	initialDomainReloadingComplete (44ms)
	LoadAllAssembliesAndSetupDomain (722ms)
		LoadAssemblies (510ms)
		RebuildTransferFunctionScriptingTraits (0ms)
		AnalyzeDomain (311ms)
			TypeCache.Refresh (258ms)
				TypeCache.ScanAssembly (240ms)
			ScanForSourceGeneratedMonoScriptInfo (37ms)
			ResolveRequiredComponents (14ms)
	FinalizeReload (1865ms)
		ReleaseScriptCaches (0ms)
		RebuildScriptCaches (0ms)
		SetupLoadedEditorAssemblies (1014ms)
			LogAssemblyErrors (0ms)
			InitializePlatformSupportModulesInManaged (9ms)
			SetLoadedEditorAssemblies (8ms)
			RefreshPlugins (0ms)
			BeforeProcessingInitializeOnLoad (128ms)
			ProcessInitializeOnLoadAttributes (740ms)
			ProcessInitializeOnLoadMethodAttributes (117ms)
			AfterProcessingInitializeOnLoad (10ms)
			EditorAssembliesLoaded (0ms)
		ExecutionOrderSort2 (0ms)
		AwakeInstancesAfterBackupRestoration (24ms)
Refreshing native plugins compatible for Editor in 10.29 ms, found 9 plugins.
Preloading 0 native plugins for Editor in 0.00 ms.
Unloading 6394 Unused Serialized files (Serialized files now loaded: 0)
Unloading 72 unused Assets / (1.7 MB). Loaded Objects now: 6950.
Memory consumption went from 213.1 MB to 211.4 MB.
Total: 5.051600 ms (FindLiveObjects: 0.490300 ms CreateObjectMapping: 0.274900 ms MarkObjects: 3.498200 ms  DeleteObjects: 0.786600 ms)

Prepare: number of updated asset objects reloaded= 0
AssetImportParameters requested are different than current active one (requested -> active):
  custom:container-demuxer-ogg: 62fdf1f143b41e24485cea50d1cbac27 -> 
  custom:framework-win-MediaFoundation: 216162199b28c13a410421893ffa2e32 -> 
  custom:container-muxer-webm: aa71ff27fc2769a1b78a27578f13a17b -> 
  custom:video-decoder-webm-vp8: 9c59270c3fd7afecdb556c50c9e8de78 -> 
  custom:SearchIndexIgnoredProperties: e643bd26f0fe6173181afceb89e7c659 -> 
  custom:AudioImporter_EditorPlatform: d09bf68614088b80899f8185d706f6e7 -> 
  custom:audio-decoder-ogg-vorbis: bf7c407c2cedff20999df2af8eb42d56 -> 
  custom:audio-encoder-webm-vorbis: bf7c407c2cedff20999df2af8eb42d56 -> 
  custom:video-codec-MediaFoundation-h265: 746d11721c4dcdbdad8f713fa42b33f4 -> 
  custom:video-decoder-ogg-theora: a1e56fd34408186e4bbccfd4996cb3dc -> 
  custom:CustomObjectIndexerAttribute: 6d391050e5a25f67b0a2c618074f2cd9 -> 
  custom:container-demuxer-webm: 4f35f7cbe854078d1ac9338744f61a02 -> 
  custom:video-encoder-webm-vp8: eb34c28f22e8b96e1ab97ce403110664 -> 
========================================================================
Received Import Request.
  Time since last request: 298.363618 seconds.
  path: Assets/Material/New Shader Graph.shadergraph
  artifactKey: Guid(bfc044560ee74fd4895aec13d7aced45) Importer(815301076,1909f56bfc062723c751e8b465ee728b)
Start importing Assets/Material/New Shader Graph.shadergraph using Guid(bfc044560ee74fd4895aec13d7aced45) Importer(815301076,1909f56bfc062723c751e8b465ee728b)  -> (artifact id: '72d93c6bbd0c75d82c7b5eca68dbd5a9') in 0.124859 seconds
Number of updated asset objects reloaded before import = 0
Number of asset objects unloaded after import = 3
========================================================================
Received Prepare
Begin MonoManager ReloadAssembly
- Loaded All Assemblies, in  0.788 seconds
Refreshing native plugins compatible for Editor in 11.03 ms, found 9 plugins.
Native extension for WindowsStandalone target not found
[ScriptCompilation] NOT recompiling all scripts because this is an import worker process. Reason to compile was: Define symbols changed
[Package Manager] Server::EnsureServerProcessIsRunning -- launch failed, reason: Unity was launched with the -noUpm command-line argument
[Package Manager] UpmClient::Send -- Unable to send message (not connected to UPM process).
[Package Manager] Cannot connect to Unity Package Manager local server
Mono: successfully reloaded assembly
- Finished resetting the current domain, in  2.712 seconds
Domain Reload Profiling: 3495ms
	BeginReloadAssembly (273ms)
		ExecutionOrderSort (0ms)
		DisableScriptedObjects (12ms)
		BackupInstance (0ms)
		ReleaseScriptingObjects (0ms)
		CreateAndSetChildDomain (70ms)
	RebuildCommonClasses (45ms)
	RebuildNativeTypeToScriptingClass (14ms)
	initialDomainReloadingComplete (38ms)
	LoadAllAssembliesAndSetupDomain (412ms)
		LoadAssemblies (434ms)
		RebuildTransferFunctionScriptingTraits (0ms)
		AnalyzeDomain (86ms)
			TypeCache.Refresh (32ms)
				TypeCache.ScanAssembly (14ms)
			ScanForSourceGeneratedMonoScriptInfo (33ms)
			ResolveRequiredComponents (19ms)
	FinalizeReload (2714ms)
		ReleaseScriptCaches (0ms)
		RebuildScriptCaches (0ms)
		SetupLoadedEditorAssemblies (1516ms)
			LogAssemblyErrors (0ms)
			InitializePlatformSupportModulesInManaged (23ms)
			SetLoadedEditorAssemblies (12ms)
			RefreshPlugins (0ms)
			BeforeProcessingInitializeOnLoad (231ms)
			ProcessInitializeOnLoadAttributes (1073ms)
			ProcessInitializeOnLoadMethodAttributes (162ms)
			AfterProcessingInitializeOnLoad (13ms)
			EditorAssembliesLoaded (1ms)
		ExecutionOrderSort2 (0ms)
		AwakeInstancesAfterBackupRestoration (26ms)
Refreshing native plugins compatible for Editor in 946.71 ms, found 9 plugins.
Preloading 0 native plugins for Editor in 0.00 ms.
Unloading 6527 Unused Serialized files (Serialized files now loaded: 0)
Unloading 116 unused Assets / (5.5 MB). Loaded Objects now: 7061.
Memory consumption went from 227.8 MB to 222.3 MB.
Total: 789.403000 ms (FindLiveObjects: 1.153100 ms CreateObjectMapping: 14.520800 ms MarkObjects: 711.526400 ms  DeleteObjects: 62.198100 ms)

Prepare: number of updated asset objects reloaded= 0
AssetImportParameters requested are different than current active one (requested -> active):
  custom:container-demuxer-ogg: 62fdf1f143b41e24485cea50d1cbac27 -> 
  custom:framework-win-MediaFoundation: 216162199b28c13a410421893ffa2e32 -> 
  custom:container-muxer-webm: aa71ff27fc2769a1b78a27578f13a17b -> 
  custom:video-decoder-webm-vp8: 9c59270c3fd7afecdb556c50c9e8de78 -> 
  custom:SearchIndexIgnoredProperties: e643bd26f0fe6173181afceb89e7c659 -> 
  custom:AudioImporter_EditorPlatform: d09bf68614088b80899f8185d706f6e7 -> 
  custom:audio-decoder-ogg-vorbis: bf7c407c2cedff20999df2af8eb42d56 -> 
  custom:audio-encoder-webm-vorbis: bf7c407c2cedff20999df2af8eb42d56 -> 
  custom:video-codec-MediaFoundation-h265: 746d11721c4dcdbdad8f713fa42b33f4 -> 
  custom:video-decoder-ogg-theora: a1e56fd34408186e4bbccfd4996cb3dc -> 
  custom:CustomObjectIndexerAttribute: 6d391050e5a25f67b0a2c618074f2cd9 -> 
  custom:container-demuxer-webm: 4f35f7cbe854078d1ac9338744f61a02 -> 
  custom:video-encoder-webm-vp8: eb34c28f22e8b96e1ab97ce403110664 -> 
========================================================================
Received Prepare
Begin MonoManager ReloadAssembly
- Loaded All Assemblies, in  1.324 seconds
Refreshing native plugins compatible for Editor in 18.49 ms, found 9 plugins.
Native extension for WindowsStandalone target not found
[ScriptCompilation] NOT recompiling all scripts because this is an import worker process. Reason to compile was: Define symbols changed
[Package Manager] Server::EnsureServerProcessIsRunning -- launch failed, reason: Unity was launched with the -noUpm command-line argument
[Package Manager] UpmClient::Send -- Unable to send message (not connected to UPM process).
[Package Manager] Cannot connect to Unity Package Manager local server
Mono: successfully reloaded assembly
- Finished resetting the current domain, in  2.898 seconds
Domain Reload Profiling: 4216ms
	BeginReloadAssembly (299ms)
		ExecutionOrderSort (0ms)
		DisableScriptedObjects (24ms)
		BackupInstance (0ms)
		ReleaseScriptingObjects (0ms)
		CreateAndSetChildDomain (78ms)
	RebuildCommonClasses (58ms)
	RebuildNativeTypeToScriptingClass (22ms)
	initialDomainReloadingComplete (55ms)
	LoadAllAssembliesAndSetupDomain (882ms)
		LoadAssemblies (617ms)
		RebuildTransferFunctionScriptingTraits (0ms)
		AnalyzeDomain (401ms)
			TypeCache.Refresh (297ms)
				TypeCache.ScanAssembly (269ms)
			ScanForSourceGeneratedMonoScriptInfo (73ms)
			ResolveRequiredComponents (29ms)
	FinalizeReload (2899ms)
		ReleaseScriptCaches (0ms)
		RebuildScriptCaches (0ms)
		SetupLoadedEditorAssemblies (1442ms)
			LogAssemblyErrors (0ms)
			InitializePlatformSupportModulesInManaged (10ms)
			SetLoadedEditorAssemblies (7ms)
			RefreshPlugins (0ms)
			BeforeProcessingInitializeOnLoad (195ms)
			ProcessInitializeOnLoadAttributes (1090ms)
			ProcessInitializeOnLoadMethodAttributes (128ms)
			AfterProcessingInitializeOnLoad (11ms)
			EditorAssembliesLoaded (0ms)
		ExecutionOrderSort2 (0ms)
		AwakeInstancesAfterBackupRestoration (24ms)
Refreshing native plugins compatible for Editor in 12.68 ms, found 9 plugins.
Preloading 0 native plugins for Editor in 0.00 ms.
Unloading 6527 Unused Serialized files (Serialized files now loaded: 0)
Unloading 116 unused Assets / (5.5 MB). Loaded Objects now: 7077.
Memory consumption went from 229.8 MB to 224.2 MB.
Total: 10.306600 ms (FindLiveObjects: 0.627400 ms CreateObjectMapping: 0.554800 ms MarkObjects: 5.992100 ms  DeleteObjects: 3.128500 ms)

Prepare: number of updated asset objects reloaded= 0
AssetImportParameters requested are different than current active one (requested -> active):
  custom:container-demuxer-ogg: 62fdf1f143b41e24485cea50d1cbac27 -> 
  custom:framework-win-MediaFoundation: 216162199b28c13a410421893ffa2e32 -> 
  custom:container-muxer-webm: aa71ff27fc2769a1b78a27578f13a17b -> 
  custom:video-decoder-webm-vp8: 9c59270c3fd7afecdb556c50c9e8de78 -> 
  custom:SearchIndexIgnoredProperties: e643bd26f0fe6173181afceb89e7c659 -> 
  custom:AudioImporter_EditorPlatform: d09bf68614088b80899f8185d706f6e7 -> 
  custom:audio-decoder-ogg-vorbis: bf7c407c2cedff20999df2af8eb42d56 -> 
  custom:audio-encoder-webm-vorbis: bf7c407c2cedff20999df2af8eb42d56 -> 
  custom:video-codec-MediaFoundation-h265: 746d11721c4dcdbdad8f713fa42b33f4 -> 
  custom:video-decoder-ogg-theora: a1e56fd34408186e4bbccfd4996cb3dc -> 
  custom:CustomObjectIndexerAttribute: 6d391050e5a25f67b0a2c618074f2cd9 -> 
  custom:container-demuxer-webm: 4f35f7cbe854078d1ac9338744f61a02 -> 
  custom:video-encoder-webm-vp8: eb34c28f22e8b96e1ab97ce403110664 -> 
========================================================================
Received Prepare
Begin MonoManager ReloadAssembly
- Loaded All Assemblies, in  1.519 seconds
Refreshing native plugins compatible for Editor in 55.35 ms, found 9 plugins.
Native extension for WindowsStandalone target not found
[ScriptCompilation] NOT recompiling all scripts because this is an import worker process. Reason to compile was: Define symbols changed
[Package Manager] Server::EnsureServerProcessIsRunning -- launch failed, reason: Unity was launched with the -noUpm command-line argument
[Package Manager] UpmClient::Send -- Unable to send message (not connected to UPM process).
[Package Manager] Cannot connect to Unity Package Manager local server
Mono: successfully reloaded assembly
- Finished resetting the current domain, in  7.987 seconds
Domain Reload Profiling: 9495ms
	BeginReloadAssembly (355ms)
		ExecutionOrderSort (0ms)
		DisableScriptedObjects (29ms)
		BackupInstance (0ms)
		ReleaseScriptingObjects (0ms)
		CreateAndSetChildDomain (92ms)
	RebuildCommonClasses (73ms)
	RebuildNativeTypeToScriptingClass (30ms)
	initialDomainReloadingComplete (68ms)
	LoadAllAssembliesAndSetupDomain (982ms)
		LoadAssemblies (820ms)
		RebuildTransferFunctionScriptingTraits (0ms)
		AnalyzeDomain (322ms)
			TypeCache.Refresh (205ms)
				TypeCache.ScanAssembly (174ms)
			ScanForSourceGeneratedMonoScriptInfo (63ms)
			ResolveRequiredComponents (50ms)
	FinalizeReload (7988ms)
		ReleaseScriptCaches (0ms)
		RebuildScriptCaches (0ms)
		SetupLoadedEditorAssemblies (2031ms)
			LogAssemblyErrors (0ms)
			InitializePlatformSupportModulesInManaged (15ms)
			SetLoadedEditorAssemblies (11ms)
			RefreshPlugins (0ms)
			BeforeProcessingInitializeOnLoad (286ms)
			ProcessInitializeOnLoadAttributes (1476ms)
			ProcessInitializeOnLoadMethodAttributes (226ms)
			AfterProcessingInitializeOnLoad (17ms)
			EditorAssembliesLoaded (1ms)
		ExecutionOrderSort2 (0ms)
		AwakeInstancesAfterBackupRestoration (29ms)
Shader 'HDRP/Unlit': fallback shader 'Hidden/HDRP/FallbackError' not found
Shader 'HDRP/LitTessellation': fallback shader 'Hidden/HDRP/FallbackError' not found
Shader 'HDRP/TerrainLit': fallback shader 'Hidden/HDRP/FallbackError' not found
Shader 'HDRP/TerrainLit': dependency 'BaseMapShader' shader 'Hidden/HDRP/TerrainLit_Basemap' not found
Shader 'HDRP/TerrainLit': dependency 'BaseMapGenShader' shader 'Hidden/HDRP/TerrainLit_BasemapGen' not found
Shader 'HDRP/LayeredLit': fallback shader 'Hidden/HDRP/FallbackError' not found
Shader 'HDRP/AxF': fallback shader 'Hidden/HDRP/FallbackError' not found
Refreshing native plugins compatible for Editor in 18.85 ms, found 9 plugins.
Preloading 0 native plugins for Editor in 0.00 ms.
Unloading 8116 Unused Serialized files (Serialized files now loaded: 0)
Unloading 342 unused Assets / (31.8 MB). Loaded Objects now: 8458.
Memory consumption went from 325.9 MB to 294.1 MB.
Total: 28.849800 ms (FindLiveObjects: 1.401000 ms CreateObjectMapping: 1.274700 ms MarkObjects: 9.962200 ms  DeleteObjects: 16.209000 ms)

Prepare: number of updated asset objects reloaded= 0
AssetImportParameters requested are different than current active one (requested -> active):
  custom:container-demuxer-ogg: 62fdf1f143b41e24485cea50d1cbac27 -> 
  custom:framework-win-MediaFoundation: 216162199b28c13a410421893ffa2e32 -> 
  custom:container-muxer-webm: aa71ff27fc2769a1b78a27578f13a17b -> 
  custom:video-decoder-webm-vp8: 9c59270c3fd7afecdb556c50c9e8de78 -> 
  custom:SearchIndexIgnoredProperties: e643bd26f0fe6173181afceb89e7c659 -> 
  custom:AudioImporter_EditorPlatform: d09bf68614088b80899f8185d706f6e7 -> 
  custom:audio-decoder-ogg-vorbis: bf7c407c2cedff20999df2af8eb42d56 -> 
  custom:audio-encoder-webm-vorbis: bf7c407c2cedff20999df2af8eb42d56 -> 
  custom:video-codec-MediaFoundation-h265: 746d11721c4dcdbdad8f713fa42b33f4 -> 
  custom:video-decoder-ogg-theora: a1e56fd34408186e4bbccfd4996cb3dc -> 
  custom:CustomObjectIndexerAttribute: 6d391050e5a25f67b0a2c618074f2cd9 -> 
  custom:container-demuxer-webm: 4f35f7cbe854078d1ac9338744f61a02 -> 
  custom:video-encoder-webm-vp8: eb34c28f22e8b96e1ab97ce403110664 -> 
========================================================================
Received Import Request.
  Time since last request: 2308.897113 seconds.
  path: Assets/Material/counterstrikeleveltopdown.jpg
  artifactKey: Guid(bbe992866131c324ba7cea8a495d5618) Importer(815301076,1909f56bfc062723c751e8b465ee728b)
Start importing Assets/Material/counterstrikeleveltopdown.jpg using Guid(bbe992866131c324ba7cea8a495d5618) Importer(815301076,1909f56bfc062723c751e8b465ee728b)  -> (artifact id: '0bb98f27b3a3ef468926793a40e296bf') in 10.581355 seconds
Number of updated asset objects reloaded before import = 0
Number of asset objects unloaded after import = 2
========================================================================
Received Import Request.
  Time since last request: 0.036125 seconds.
  path: Assets/Material/New Material.mat
  artifactKey: Guid(e9c64ef6bc47b264787aa40803a3da64) Importer(815301076,1909f56bfc062723c751e8b465ee728b)
Start importing Assets/Material/New Material.mat using Guid(e9c64ef6bc47b264787aa40803a3da64) Importer(815301076,1909f56bfc062723c751e8b465ee728b)  -> (artifact id: 'ed1affd44f8f6b3bf76cbe9d29d77b08') in 0.358919 seconds
Number of updated asset objects reloaded before import = 0
Number of asset objects unloaded after import = 3
========================================================================
Received Import Request.
  Time since last request: 0.000043 seconds.
  path: Assets/Material/oily-tubework_height.png
  artifactKey: Guid(88fd1399c42808541a5696bc72a30735) Importer(815301076,1909f56bfc062723c751e8b465ee728b)
Start importing Assets/Material/oily-tubework_height.png using Guid(88fd1399c42808541a5696bc72a30735) Importer(815301076,1909f56bfc062723c751e8b465ee728b)  -> (artifact id: 'd46c62c5870d3e08a3743dcdd5104693') in 0.045078 seconds
Number of updated asset objects reloaded before import = 0
Number of asset objects unloaded after import = 2
========================================================================
Received Import Request.
  Time since last request: 0.000073 seconds.
  path: Assets/Material/Dirt_01_Nrm.png
  artifactKey: Guid(1af5896a4d8809b4da1c9b0f2d279222) Importer(815301076,1909f56bfc062723c751e8b465ee728b)
Start importing Assets/Material/Dirt_01_Nrm.png using Guid(1af5896a4d8809b4da1c9b0f2d279222) Importer(815301076,1909f56bfc062723c751e8b465ee728b)  -> (artifact id: 'ba8a022068b1b5fe4a5a00fb171acc5e') in 0.074295 seconds
Number of updated asset objects reloaded before import = 0
Number of asset objects unloaded after import = 2
========================================================================
Received Import Request.
  Time since last request: 94.181284 seconds.
  path: Assets/Material/NewShader.shadergraph
  artifactKey: Guid(271926c81ac89764db8235933d3e4a5d) Importer(815301076,1909f56bfc062723c751e8b465ee728b)
Start importing Assets/Material/NewShader.shadergraph using Guid(271926c81ac89764db8235933d3e4a5d) Importer(815301076,1909f56bfc062723c751e8b465ee728b)  -> (artifact id: '8bf6c85cc6e4270ab0de51a1cf7e1097') in 0.765794 seconds
Number of updated asset objects reloaded before import = 0
Number of asset objects unloaded after import = 2
========================================================================
Received Import Request.
  Time since last request: 908.115958 seconds.
  path: Assets/Material/Ice
  artifactKey: Guid(e46890b0f9354b545960be05ae3fb784) Importer(815301076,1909f56bfc062723c751e8b465ee728b)
Start importing Assets/Material/Ice using Guid(e46890b0f9354b545960be05ae3fb784) Importer(815301076,1909f56bfc062723c751e8b465ee728b)  -> (artifact id: '59a41adc44c963e2197782c9b60d9c11') in 0.002662 seconds
Number of updated asset objects reloaded before import = 0
Number of asset objects unloaded after import = 0
========================================================================
Received Import Request.
  Time since last request: 7.994428 seconds.
  path: Assets/Material/Ice/Ice004.png
  artifactKey: Guid(244c35d394bac8044bce6c24081f375b) Importer(815301076,1909f56bfc062723c751e8b465ee728b)
Start importing Assets/Material/Ice/Ice004.png using Guid(244c35d394bac8044bce6c24081f375b) Importer(815301076,1909f56bfc062723c751e8b465ee728b)  -> (artifact id: '72ff74af2524d1407c640cf0bc0b5b42') in 0.023753 seconds
Number of updated asset objects reloaded before import = 0
Number of asset objects unloaded after import = 2
========================================================================
Received Import Request.
  Time since last request: 0.000036 seconds.
  path: Assets/Material/Ice/Ice004_1K-JPG_Displacement.jpg
  artifactKey: Guid(90539eae02be1454c87c6e8859941824) Importer(815301076,1909f56bfc062723c751e8b465ee728b)
Start importing Assets/Material/Ice/Ice004_1K-JPG_Displacement.jpg using Guid(90539eae02be1454c87c6e8859941824) Importer(815301076,1909f56bfc062723c751e8b465ee728b)  -> (artifact id: '688c46b74b8a22d4d38bc10cf0fd61a6') in 0.017369 seconds
Number of updated asset objects reloaded before import = 0
Number of asset objects unloaded after import = 2
========================================================================
Received Import Request.
  Time since last request: 0.000024 seconds.
  path: Assets/Material/Ice/Ice004_1K-JPG_Roughness.jpg
  artifactKey: Guid(392d8f2676807f144b97d975ff7183d4) Importer(815301076,1909f56bfc062723c751e8b465ee728b)
Start importing Assets/Material/Ice/Ice004_1K-JPG_Roughness.jpg using Guid(392d8f2676807f144b97d975ff7183d4) Importer(815301076,1909f56bfc062723c751e8b465ee728b)  -> (artifact id: '403d481b2ccb5f918041d84a7542fbc1') in 0.022760 seconds
Number of updated asset objects reloaded before import = 0
Number of asset objects unloaded after import = 2
========================================================================
Received Import Request.
  Time since last request: 182.845213 seconds.
  path: Assets/Sprites/Pickups/Apple.png
  artifactKey: Guid(35846ff74f7541249af8f81b6fc9f6dd) Importer(815301076,1909f56bfc062723c751e8b465ee728b)
Start importing Assets/Sprites/Pickups/Apple.png using Guid(35846ff74f7541249af8f81b6fc9f6dd) Importer(815301076,1909f56bfc062723c751e8b465ee728b)  -> (artifact id: '61e41f9499f34e8e565a19eab6ea2469') in 0.108555 seconds
Number of updated asset objects reloaded before import = 0
Number of asset objects unloaded after import = 19
========================================================================
Received Import Request.
  Time since last request: 0.000024 seconds.
  path: Assets/TextMesh Pro/Examples & Extras/Textures/Brushed Metal 3.jpg
  artifactKey: Guid(f88677df267a41d6be1e7a6133e7d227) Importer(815301076,1909f56bfc062723c751e8b465ee728b)
Start importing Assets/TextMesh Pro/Examples & Extras/Textures/Brushed Metal 3.jpg using Guid(f88677df267a41d6be1e7a6133e7d227) Importer(815301076,1909f56bfc062723c751e8b465ee728b)  -> (artifact id: 'e923f41fe7a0083af7f7e7ec9caca372') in 0.015452 seconds
Number of updated asset objects reloaded before import = 0
Number of asset objects unloaded after import = 2
========================================================================
Received Import Request.
  Time since last request: 0.000040 seconds.
  path: Assets/Models/Ch34_1001_Diffuse.png
  artifactKey: Guid(10bf68f6c6da92b48bdd1d1d8112a887) Importer(815301076,1909f56bfc062723c751e8b465ee728b)
Start importing Assets/Models/Ch34_1001_Diffuse.png using Guid(10bf68f6c6da92b48bdd1d1d8112a887) Importer(815301076,1909f56bfc062723c751e8b465ee728b)  -> (artifact id: '5f1e30b964be05b90eb283215b4dbbe5') in 0.023900 seconds
Number of updated asset objects reloaded before import = 0
Number of asset objects unloaded after import = 2
========================================================================
Received Import Request.
  Time since last request: 1.416354 seconds.
  path: Assets/Models/Ch34_1001_Specular.png
  artifactKey: Guid(49bd621c39c3eab4ba4d9ce366cd8f2e) Importer(815301076,1909f56bfc062723c751e8b465ee728b)
Start importing Assets/Models/Ch34_1001_Specular.png using Guid(49bd621c39c3eab4ba4d9ce366cd8f2e) Importer(815301076,1909f56bfc062723c751e8b465ee728b)  -> (artifact id: '6b34af510056aa293b736c51273c49d5') in 0.022802 seconds
Number of updated asset objects reloaded before import = 0
Number of asset objects unloaded after import = 2
========================================================================
Received Import Request.
  Time since last request: 0.038251 seconds.
  path: Assets/Sprites/Checkpoint/Checkpoint (Flag Out) (64x64).png
  artifactKey: Guid(b5a4f98a907e0824c84a2077f4c9f715) Importer(815301076,1909f56bfc062723c751e8b465ee728b)
Start importing Assets/Sprites/Checkpoint/Checkpoint (Flag Out) (64x64).png using Guid(b5a4f98a907e0824c84a2077f4c9f715) Importer(815301076,1909f56bfc062723c751e8b465ee728b)  -> (artifact id: '75a4f3b98da494798aea16820e578c54') in 0.118195 seconds
Number of updated asset objects reloaded before import = 0
Number of asset objects unloaded after import = 28
========================================================================
Received Import Request.
  Time since last request: 1.469219 seconds.
  path: Assets/TextMesh Pro/Examples & Extras/Sprites/Default Sprites.png
  artifactKey: Guid(a0fc465d6cf04254a2938578735e2383) Importer(815301076,1909f56bfc062723c751e8b465ee728b)
Start importing Assets/TextMesh Pro/Examples & Extras/Sprites/Default Sprites.png using Guid(a0fc465d6cf04254a2938578735e2383) Importer(815301076,1909f56bfc062723c751e8b465ee728b)  -> (artifact id: '6478c940e092a9ad54dd386f7eedb974') in 0.017315 seconds
Number of updated asset objects reloaded before import = 0
Number of asset objects unloaded after import = 2
========================================================================
Received Import Request.
  Time since last request: 0.001037 seconds.
  path: Assets/TextMesh Pro/Examples & Extras/Sprites/DropCap Numbers.psd
  artifactKey: Guid(fd09957580ac4326916010f1f260975b) Importer(815301076,1909f56bfc062723c751e8b465ee728b)
Start importing Assets/TextMesh Pro/Examples & Extras/Sprites/DropCap Numbers.psd using Guid(fd09957580ac4326916010f1f260975b) Importer(815301076,1909f56bfc062723c751e8b465ee728b)  -> (artifact id: '1511c641f9691c76fea4c105c05d0a34') in 0.016866 seconds
Number of updated asset objects reloaded before import = 0
Number of asset objects unloaded after import = 2
========================================================================
Received Import Request.
  Time since last request: 0.003034 seconds.
  path: Assets/TextMesh Pro/Sprites/EmojiOne.png
  artifactKey: Guid(dffef66376be4fa480fb02b19edbe903) Importer(815301076,1909f56bfc062723c751e8b465ee728b)
Start importing Assets/TextMesh Pro/Sprites/EmojiOne.png using Guid(dffef66376be4fa480fb02b19edbe903) Importer(815301076,1909f56bfc062723c751e8b465ee728b)  -> (artifact id: 'c4a8cbfaaaaf9df12e8531882ba6c61f') in 0.019785 seconds
Number of updated asset objects reloaded before import = 0
Number of asset objects unloaded after import = 2
========================================================================
Received Import Request.
  Time since last request: 0.239096 seconds.
  path: Assets/Sprites/Checkpoint/End (Pressed) (64x64).png
  artifactKey: Guid(fa316cb2a7cec784bae86742a2d117f1) Importer(815301076,1909f56bfc062723c751e8b465ee728b)
Start importing Assets/Sprites/Checkpoint/End (Pressed) (64x64).png using Guid(fa316cb2a7cec784bae86742a2d117f1) Importer(815301076,1909f56bfc062723c751e8b465ee728b)  -> (artifact id: '7d511f6eece3cdcf6a67a1925ae3ecb1') in 0.059776 seconds
Number of updated asset objects reloaded before import = 0
Number of asset objects unloaded after import = 10
========================================================================
Received Import Request.
  Time since last request: 0.000024 seconds.
  path: Assets/TextMesh Pro/Examples & Extras/Fonts/Oswald-Bold.ttf
  artifactKey: Guid(c9f6d0e7bc8541498c9a4799ba184ede) Importer(815301076,1909f56bfc062723c751e8b465ee728b)
Start importing Assets/TextMesh Pro/Examples & Extras/Fonts/Oswald-Bold.ttf using Guid(c9f6d0e7bc8541498c9a4799ba184ede) Importer(815301076,1909f56bfc062723c751e8b465ee728b)  -> (artifact id: '294d8b1710dc942a6654edea9fab0fea') in 0.058707 seconds
Number of updated asset objects reloaded before import = 0
Number of asset objects unloaded after import = 4
========================================================================
Received Import Request.
  Time since last request: 0.000034 seconds.
  path: Assets/TextMesh Pro/Examples & Extras/Fonts/Roboto-Bold.ttf
  artifactKey: Guid(4beb055f07aaff244873dec698d0363e) Importer(815301076,1909f56bfc062723c751e8b465ee728b)
Start importing Assets/TextMesh Pro/Examples & Extras/Fonts/Roboto-Bold.ttf using Guid(4beb055f07aaff244873dec698d0363e) Importer(815301076,1909f56bfc062723c751e8b465ee728b)  -> (artifact id: 'bdc56773670ad61665a1d1468320514c') in 0.021317 seconds
Number of updated asset objects reloaded before import = 0
Number of asset objects unloaded after import = 4
========================================================================
Received Import Request.
  Time since last request: 0.000082 seconds.
  path: Assets/TextMesh Pro/Examples & Extras/Textures/Gradient Horizontal (Color).jpg
  artifactKey: Guid(6eb184de103d4b3f812b38561065192f) Importer(815301076,1909f56bfc062723c751e8b465ee728b)
Start importing Assets/TextMesh Pro/Examples & Extras/Textures/Gradient Horizontal (Color).jpg using Guid(6eb184de103d4b3f812b38561065192f) Importer(815301076,1909f56bfc062723c751e8b465ee728b)  -> (artifact id: 'e983b3f6a0544d17aca8b32047169546') in 0.016795 seconds
Number of updated asset objects reloaded before import = 0
Number of asset objects unloaded after import = 2
========================================================================
Received Import Request.
  Time since last request: 0.000067 seconds.
  path: Assets/TextMesh Pro/Examples & Extras/Textures/Fruit Jelly (B&W).jpg
  artifactKey: Guid(1cdc5b506b1a4a33a53c30669ced1f51) Importer(815301076,1909f56bfc062723c751e8b465ee728b)
Start importing Assets/TextMesh Pro/Examples & Extras/Textures/Fruit Jelly (B&W).jpg using Guid(1cdc5b506b1a4a33a53c30669ced1f51) Importer(815301076,1909f56bfc062723c751e8b465ee728b)  -> (artifact id: 'c3262ee8700b9df2751ea57a96e6e8b6') in 0.022395 seconds
Number of updated asset objects reloaded before import = 0
Number of asset objects unloaded after import = 2
========================================================================
Received Import Request.
  Time since last request: 0.000030 seconds.
  path: Assets/Sprites/Enemies/Hit 1 (36x30).png
  artifactKey: Guid(d01c26666f3e89d43b68b6d3d5a8adad) Importer(815301076,1909f56bfc062723c751e8b465ee728b)
Start importing Assets/Sprites/Enemies/Hit 1 (36x30).png using Guid(d01c26666f3e89d43b68b6d3d5a8adad) Importer(815301076,1909f56bfc062723c751e8b465ee728b)  -> (artifact id: '653058d26b1a5f90d5a37ec401c500f5') in 0.035595 seconds
Number of updated asset objects reloaded before import = 0
Number of asset objects unloaded after import = 7
========================================================================
Received Import Request.
  Time since last request: 0.000032 seconds.
  path: Assets/TextMesh Pro/Examples & Extras/Fonts/Anton.ttf
  artifactKey: Guid(997a43b767814dd0a7642ec9b78cba41) Importer(815301076,1909f56bfc062723c751e8b465ee728b)
Start importing Assets/TextMesh Pro/Examples & Extras/Fonts/Anton.ttf using Guid(997a43b767814dd0a7642ec9b78cba41) Importer(815301076,1909f56bfc062723c751e8b465ee728b)  -> (artifact id: 'e9f14033b84d77025a5fbc24bc4dbf86') in 0.021385 seconds
Number of updated asset objects reloaded before import = 0
Number of asset objects unloaded after import = 4
========================================================================
Received Import Request.
  Time since last request: 0.339348 seconds.
  path: Assets/Sprites/Enemies/Hit 2 (36x30).png
  artifactKey: Guid(e19e3b26ab9400b43a8842d28a73d5c6) Importer(815301076,1909f56bfc062723c751e8b465ee728b)
Start importing Assets/Sprites/Enemies/Hit 2 (36x30).png using Guid(e19e3b26ab9400b43a8842d28a73d5c6) Importer(815301076,1909f56bfc062723c751e8b465ee728b)  -> (artifact id: 'e7290b108c5aa838187c34a885577311') in 0.034591 seconds
Number of updated asset objects reloaded before import = 0
Number of asset objects unloaded after import = 7
========================================================================
Received Import Request.
  Time since last request: 0.366736 seconds.
  path: Assets/Sprites/MainCharacter/Idle (32x32).png
  artifactKey: Guid(a00dd8027d0196c41a8ca775bb5140f1) Importer(815301076,1909f56bfc062723c751e8b465ee728b)
Start importing Assets/Sprites/MainCharacter/Idle (32x32).png using Guid(a00dd8027d0196c41a8ca775bb5140f1) Importer(815301076,1909f56bfc062723c751e8b465ee728b)  -> (artifact id: '2b3998a0d9f638080144bb23f29f5736') in 0.065608 seconds
Number of updated asset objects reloaded before import = 0
Number of asset objects unloaded after import = 13
========================================================================
Received Import Request.
  Time since last request: 0.000028 seconds.
  path: Assets/TextMesh Pro/Examples & Extras/Textures/Mask Zig-n-Zag.psd
  artifactKey: Guid(bb8dfcd263ad4eb383a33d74a720be6f) Importer(815301076,1909f56bfc062723c751e8b465ee728b)
Start importing Assets/TextMesh Pro/Examples & Extras/Textures/Mask Zig-n-Zag.psd using Guid(bb8dfcd263ad4eb383a33d74a720be6f) Importer(815301076,1909f56bfc062723c751e8b465ee728b)  -> (artifact id: '24e685e0f344e757b8595f9609b80d4c') in 0.016719 seconds
Number of updated asset objects reloaded before import = 0
Number of asset objects unloaded after import = 2
========================================================================
Received Import Request.
  Time since last request: 0.000025 seconds.
  path: Assets/TextMesh Pro/Resources/Fonts & Materials/LiberationSans SDF.asset
  artifactKey: Guid(8f586378b4e144a9851e7b34d9b748ee) Importer(815301076,1909f56bfc062723c751e8b465ee728b)
Start importing Assets/TextMesh Pro/Resources/Fonts & Materials/LiberationSans SDF.asset using Guid(8f586378b4e144a9851e7b34d9b748ee) Importer(815301076,1909f56bfc062723c751e8b465ee728b)  -> (artifact id: 'd0e4ab90c9ab0f942fbda12a21da036b') in 0.067563 seconds
Number of updated asset objects reloaded before import = 0
Number of asset objects unloaded after import = 9
========================================================================
Received Import Request.
  Time since last request: 16.268289 seconds.
  path: Assets/TextMesh Pro/Examples & Extras/Resources/Fonts & Materials/Oswald Bold SDF.asset
  artifactKey: Guid(0161d805a3764c089bef00bfe00793f5) Importer(815301076,1909f56bfc062723c751e8b465ee728b)
Start importing Assets/TextMesh Pro/Examples & Extras/Resources/Fonts & Materials/Oswald Bold SDF.asset using Guid(0161d805a3764c089bef00bfe00793f5) Importer(815301076,1909f56bfc062723c751e8b465ee728b)  -> (artifact id: 'd993db7fc41391d700ca98db85294981') in 0.024421 seconds
Number of updated asset objects reloaded before import = 0
Number of asset objects unloaded after import = 6
========================================================================
Received Import Request.
  Time since last request: 0.000042 seconds.
  path: Assets/TextMesh Pro/Examples & Extras/Textures/Small Crate_normal.jpg
  artifactKey: Guid(8878a782f4334ecbbcf683b3ac780966) Importer(815301076,1909f56bfc062723c751e8b465ee728b)
Start importing Assets/TextMesh Pro/Examples & Extras/Textures/Small Crate_normal.jpg using Guid(8878a782f4334ecbbcf683b3ac780966) Importer(815301076,1909f56bfc062723c751e8b465ee728b)  -> (artifact id: '78019fae16623da1ef1f090358ce4239') in 0.018281 seconds
Number of updated asset objects reloaded before import = 0
Number of asset objects unloaded after import = 2
========================================================================
Received Import Request.
  Time since last request: 0.000022 seconds.
  path: Assets/Sprites/MainCharacter/Run (32x32).png
  artifactKey: Guid(49b4d7c101a736149bcddf7784b81e06) Importer(815301076,1909f56bfc062723c751e8b465ee728b)
Start importing Assets/Sprites/MainCharacter/Run (32x32).png using Guid(49b4d7c101a736149bcddf7784b81e06) Importer(815301076,1909f56bfc062723c751e8b465ee728b)  -> (artifact id: '92ef9f2f9c58dc76a95943ce41dcfba1') in 0.050278 seconds
Number of updated asset objects reloaded before import = 0
Number of asset objects unloaded after import = 14
========================================================================
Received Import Request.
  Time since last request: 0.000031 seconds.
  path: Assets/Sprites/Checkpoint/Start (Idle).png
  artifactKey: Guid(5316adf2828f0ac44aba175016c5507c) Importer(815301076,1909f56bfc062723c751e8b465ee728b)
Start importing Assets/Sprites/Checkpoint/Start (Idle).png using Guid(5316adf2828f0ac44aba175016c5507c) Importer(815301076,1909f56bfc062723c751e8b465ee728b)  -> (artifact id: '108e8d404f338af3c67d3406dd763a8c') in 0.011721 seconds
Number of updated asset objects reloaded before import = 0
Number of asset objects unloaded after import = 3
========================================================================
Received Import Request.
  Time since last request: 0.575942 seconds.
  path: Assets/Sprites/Pickups/Strawberry.png
  artifactKey: Guid(1be566419f7cbbd4aa7770f71e076470) Importer(815301076,1909f56bfc062723c751e8b465ee728b)
Start importing Assets/Sprites/Pickups/Strawberry.png using Guid(1be566419f7cbbd4aa7770f71e076470) Importer(815301076,1909f56bfc062723c751e8b465ee728b)  -> (artifact id: '5d218cc9a9e1bc3a980966319faef698') in 0.091852 seconds
Number of updated asset objects reloaded before import = 0
Number of asset objects unloaded after import = 19
========================================================================
Received Import Request.
  Time since last request: 0.000040 seconds.
  path: Assets/TextMesh Pro/Examples & Extras/Textures/Text Overflow - Linked Text UI Screenshot.png
  artifactKey: Guid(c76d18757a194d618355f05f815cb0a1) Importer(815301076,1909f56bfc062723c751e8b465ee728b)
Start importing Assets/TextMesh Pro/Examples & Extras/Textures/Text Overflow - Linked Text UI Screenshot.png using Guid(c76d18757a194d618355f05f815cb0a1) Importer(815301076,1909f56bfc062723c751e8b465ee728b)  -> (artifact id: 'e663d57643fdd0581c5164127db8c0df') in 0.018836 seconds
Number of updated asset objects reloaded before import = 0
Number of asset objects unloaded after import = 2
========================================================================
Received Import Request.
  Time since last request: 0.000046 seconds.
  path: Assets/Sprites/Enemies/Walk (36x30).png
  artifactKey: Guid(72a4a03248b904b48bae3f6573538bdc) Importer(815301076,1909f56bfc062723c751e8b465ee728b)
Start importing Assets/Sprites/Enemies/Walk (36x30).png using Guid(72a4a03248b904b48bae3f6573538bdc) Importer(815301076,1909f56bfc062723c751e8b465ee728b)  -> (artifact id: '732d5e93d87dfdab2ecc7bca603d7c09') in 0.069682 seconds
Number of updated asset objects reloaded before import = 0
Number of asset objects unloaded after import = 18
========================================================================
Received Import Request.
  Time since last request: 0.000023 seconds.
  path: Assets/TextMesh Pro/Examples & Extras/Textures/Wipe Pattern - Radial Double.psd
  artifactKey: Guid(7631f4eff8f74ed38eb3eb9db17134e1) Importer(815301076,1909f56bfc062723c751e8b465ee728b)
Start importing Assets/TextMesh Pro/Examples & Extras/Textures/Wipe Pattern - Radial Double.psd using Guid(7631f4eff8f74ed38eb3eb9db17134e1) Importer(815301076,1909f56bfc062723c751e8b465ee728b)  -> (artifact id: 'f661239dac9f23dadc1bc2d2f30ca879') in 0.013982 seconds
Number of updated asset objects reloaded before import = 0
Number of asset objects unloaded after import = 2
========================================================================
Received Import Request.
  Time since last request: 768.232155 seconds.
  path: Assets/Material/Ice/New Material.mat
  artifactKey: Guid(bf4cee601f1ec31408c1be8ea25562ca) Importer(815301076,1909f56bfc062723c751e8b465ee728b)
Start importing Assets/Material/Ice/New Material.mat using Guid(bf4cee601f1ec31408c1be8ea25562ca) Importer(815301076,1909f56bfc062723c751e8b465ee728b)  -> (artifact id: '6faa5c7f97b218c6407fa51d6df6e4ee') in 0.023744 seconds
Number of updated asset objects reloaded before import = 0
Number of asset objects unloaded after import = 1
========================================================================
Received Import Request.
  Time since last request: 14.298174 seconds.
  path: Assets/Material/IceShader.shadergraph
  artifactKey: Guid(271926c81ac89764db8235933d3e4a5d) Importer(815301076,1909f56bfc062723c751e8b465ee728b)
Start importing Assets/Material/IceShader.shadergraph using Guid(271926c81ac89764db8235933d3e4a5d) Importer(815301076,1909f56bfc062723c751e8b465ee728b)  -> (artifact id: '2e4e678cd05872c015120031c78b1fb2') in 0.816900 seconds
Number of updated asset objects reloaded before import = 0
Number of asset objects unloaded after import = 2
========================================================================
Received Import Request.
  Time since last request: 1.182092 seconds.
  path: Assets/Material/Materials/counterstrikeleveltopdown.mat
  artifactKey: Guid(06a490ed530bae6458302ae5ea7f41d1) Importer(815301076,1909f56bfc062723c751e8b465ee728b)
Start importing Assets/Material/Materials/counterstrikeleveltopdown.mat using Guid(06a490ed530bae6458302ae5ea7f41d1) Importer(815301076,1909f56bfc062723c751e8b465ee728b)  -> (artifact id: '6d7be50e7cdb561eb7be12abd581486f') in 0.016497 seconds
Number of updated asset objects reloaded before import = 0
Number of asset objects unloaded after import = 2
========================================================================
Received Import Request.
  Time since last request: 0.000019 seconds.
  path: Assets/Material/Materials/counterstrikeleveltopdown 3.mat
  artifactKey: Guid(7e972723f4be36b4bbd729af302d1cfd) Importer(815301076,1909f56bfc062723c751e8b465ee728b)
Start importing Assets/Material/Materials/counterstrikeleveltopdown 3.mat using Guid(7e972723f4be36b4bbd729af302d1cfd) Importer(815301076,1909f56bfc062723c751e8b465ee728b)  -> (artifact id: '4e7c35716799246945100a9cf278aeb7') in 0.019935 seconds
Number of updated asset objects reloaded before import = 0
Number of asset objects unloaded after import = 2
========================================================================
Received Import Request.
  Time since last request: 0.000036 seconds.
  path: Assets/Material/Materials/Dirt_01.mat
  artifactKey: Guid(5ee18a9fa7648034896b1b58d94e1b13) Importer(815301076,1909f56bfc062723c751e8b465ee728b)
Start importing Assets/Material/Materials/Dirt_01.mat using Guid(5ee18a9fa7648034896b1b58d94e1b13) Importer(815301076,1909f56bfc062723c751e8b465ee728b)  -> (artifact id: 'f6c66baee9b84e2886ce32779230a278') in 0.012025 seconds
Number of updated asset objects reloaded before import = 0
Number of asset objects unloaded after import = 2
========================================================================
Received Import Request.
  Time since last request: 15.263756 seconds.
  path: Assets/Material/oily-tubeworks
  artifactKey: Guid(a0ea87236e6db0a41addd018cb39ac34) Importer(815301076,1909f56bfc062723c751e8b465ee728b)
Start importing Assets/Material/oily-tubeworks using Guid(a0ea87236e6db0a41addd018cb39ac34) Importer(815301076,1909f56bfc062723c751e8b465ee728b)  -> (artifact id: '1f7c3a367cf50563523e6b53ec241e09') in 0.002184 seconds
Number of updated asset objects reloaded before import = 0
Number of asset objects unloaded after import = 0
========================================================================
Received Import Request.
  Time since last request: 8.468584 seconds.
  path: Assets/Material/oily-tubework_normal-ogl.png
  artifactKey: Guid(26dcb2b26b16b124c8ffc57daf389f31) Importer(815301076,1909f56bfc062723c751e8b465ee728b)
Start importing Assets/Material/oily-tubework_normal-ogl.png using Guid(26dcb2b26b16b124c8ffc57daf389f31) Importer(815301076,1909f56bfc062723c751e8b465ee728b)  -> (artifact id: 'fa3c580e00e30e2c084a99308d7b979a') in 0.023712 seconds
Number of updated asset objects reloaded before import = 0
Number of asset objects unloaded after import = 2
========================================================================
Received Import Request.
  Time since last request: 25.162193 seconds.
  path: Assets/Material/Ice/IceMaterial.mat
  artifactKey: Guid(bf4cee601f1ec31408c1be8ea25562ca) Importer(815301076,1909f56bfc062723c751e8b465ee728b)
Start importing Assets/Material/Ice/IceMaterial.mat using Guid(bf4cee601f1ec31408c1be8ea25562ca) Importer(815301076,1909f56bfc062723c751e8b465ee728b)  -> (artifact id: 'f0f7081d543610f6414637729d01fb19') in 0.011896 seconds
Number of updated asset objects reloaded before import = 0
Number of asset objects unloaded after import = 1
========================================================================
Received Import Request.
  Time since last request: 79.397477 seconds.
  path: Assets/Material/Ice/IceShader.shadergraph
  artifactKey: Guid(271926c81ac89764db8235933d3e4a5d) Importer(815301076,1909f56bfc062723c751e8b465ee728b)
Start importing Assets/Material/Ice/IceShader.shadergraph using Guid(271926c81ac89764db8235933d3e4a5d) Importer(815301076,1909f56bfc062723c751e8b465ee728b)  -> (artifact id: '07231c4fca1c6c336bd6ec421ecfc483') in 0.940169 seconds
Number of updated asset objects reloaded before import = 0
Number of asset objects unloaded after import = 3
========================================================================
Received Prepare
Begin MonoManager ReloadAssembly
- Loaded All Assemblies, in  2.210 seconds
Refreshing native plugins compatible for Editor in 14.78 ms, found 9 plugins.
Native extension for WindowsStandalone target not found
[ScriptCompilation] NOT recompiling all scripts because this is an import worker process. Reason to compile was: Define symbols changed
[Package Manager] Server::EnsureServerProcessIsRunning -- launch failed, reason: Unity was launched with the -noUpm command-line argument
[Package Manager] UpmClient::Send -- Unable to send message (not connected to UPM process).
[Package Manager] Cannot connect to Unity Package Manager local server
Mono: successfully reloaded assembly
- Finished resetting the current domain, in  5.926 seconds
Domain Reload Profiling: 8129ms
	BeginReloadAssembly (668ms)
		ExecutionOrderSort (0ms)
		DisableScriptedObjects (41ms)
		BackupInstance (0ms)
		ReleaseScriptingObjects (0ms)
		CreateAndSetChildDomain (349ms)
	RebuildCommonClasses (120ms)
	RebuildNativeTypeToScriptingClass (28ms)
	initialDomainReloadingComplete (71ms)
	LoadAllAssembliesAndSetupDomain (1314ms)
		LoadAssemblies (1260ms)
		RebuildTransferFunctionScriptingTraits (0ms)
		AnalyzeDomain (238ms)
			TypeCache.Refresh (142ms)
				TypeCache.ScanAssembly (87ms)
			ScanForSourceGeneratedMonoScriptInfo (65ms)
			ResolveRequiredComponents (29ms)
	FinalizeReload (5927ms)
		ReleaseScriptCaches (0ms)
		RebuildScriptCaches (0ms)
		SetupLoadedEditorAssemblies (1449ms)
			LogAssemblyErrors (0ms)
			InitializePlatformSupportModulesInManaged (15ms)
			SetLoadedEditorAssemblies (14ms)
			RefreshPlugins (0ms)
			BeforeProcessingInitializeOnLoad (291ms)
			ProcessInitializeOnLoadAttributes (990ms)
			ProcessInitializeOnLoadMethodAttributes (127ms)
			AfterProcessingInitializeOnLoad (12ms)
			EditorAssembliesLoaded (1ms)
		ExecutionOrderSort2 (0ms)
		AwakeInstancesAfterBackupRestoration (21ms)
Refreshing native plugins compatible for Editor in 17.12 ms, found 9 plugins.
Preloading 0 native plugins for Editor in 0.00 ms.
Unloading 6527 Unused Serialized files (Serialized files now loaded: 0)
Unloading 541 unused Assets / (5.9 MB). Loaded Objects now: 8070.
Memory consumption went from 240.6 MB to 234.7 MB.
Total: 11.516700 ms (FindLiveObjects: 0.797400 ms CreateObjectMapping: 0.594300 ms MarkObjects: 6.363400 ms  DeleteObjects: 3.759400 ms)

Prepare: number of updated asset objects reloaded= 0
AssetImportParameters requested are different than current active one (requested -> active):
  custom:container-demuxer-ogg: 62fdf1f143b41e24485cea50d1cbac27 -> 
  custom:framework-win-MediaFoundation: 216162199b28c13a410421893ffa2e32 -> 
  custom:container-muxer-webm: aa71ff27fc2769a1b78a27578f13a17b -> 
  custom:video-decoder-webm-vp8: 9c59270c3fd7afecdb556c50c9e8de78 -> 
  custom:SearchIndexIgnoredProperties: e643bd26f0fe6173181afceb89e7c659 -> 
  custom:AudioImporter_EditorPlatform: d09bf68614088b80899f8185d706f6e7 -> 
  custom:audio-decoder-ogg-vorbis: bf7c407c2cedff20999df2af8eb42d56 -> 
  custom:audio-encoder-webm-vorbis: bf7c407c2cedff20999df2af8eb42d56 -> 
  custom:video-codec-MediaFoundation-h265: 746d11721c4dcdbdad8f713fa42b33f4 -> 
  custom:video-decoder-ogg-theora: a1e56fd34408186e4bbccfd4996cb3dc -> 
  custom:CustomObjectIndexerAttribute: 6d391050e5a25f67b0a2c618074f2cd9 -> 
  custom:container-demuxer-webm: 4f35f7cbe854078d1ac9338744f61a02 -> 
  custom:video-encoder-webm-vp8: eb34c28f22e8b96e1ab97ce403110664 -> 
========================================================================
Received Import Request.
  Time since last request: 635.406282 seconds.
  path: Assets/Material/Ice/IceShader.shadergraph
  artifactKey: Guid(271926c81ac89764db8235933d3e4a5d) Importer(815301076,1909f56bfc062723c751e8b465ee728b)
Start importing Assets/Material/Ice/IceShader.shadergraph using Guid(271926c81ac89764db8235933d3e4a5d) Importer(815301076,1909f56bfc062723c751e8b465ee728b)  -> (artifact id: '4812bcb12737af60eae90dbdbaa8d70a') in 0.099809 seconds
Number of updated asset objects reloaded before import = 0
Number of asset objects unloaded after import = 2
========================================================================
Received Import Request.
  Time since last request: 51.843678 seconds.
  path: Assets/Material/Ice/Ice004.png
  artifactKey: Guid(244c35d394bac8044bce6c24081f375b) Importer(815301076,1909f56bfc062723c751e8b465ee728b)
Start importing Assets/Material/Ice/Ice004.png using Guid(244c35d394bac8044bce6c24081f375b) Importer(815301076,1909f56bfc062723c751e8b465ee728b)  -> (artifact id: '192d7a63b424b0a46eb52b3b7bd76052') in 0.034891 seconds
Number of updated asset objects reloaded before import = 0
Number of asset objects unloaded after import = 2
========================================================================
Received Import Request.
  Time since last request: 0.000027 seconds.
  path: Assets/Material/Ice/Ice004_1K-JPG_Displacement.jpg
  artifactKey: Guid(90539eae02be1454c87c6e8859941824) Importer(815301076,1909f56bfc062723c751e8b465ee728b)
Start importing Assets/Material/Ice/Ice004_1K-JPG_Displacement.jpg using Guid(90539eae02be1454c87c6e8859941824) Importer(815301076,1909f56bfc062723c751e8b465ee728b)  -> (artifact id: 'ff2922093f4e3a8c10382787d0cc484c') in 0.020919 seconds
Number of updated asset objects reloaded before import = 0
Number of asset objects unloaded after import = 2
========================================================================
Received Import Request.
  Time since last request: 0.000022 seconds.
  path: Assets/Material/Ice/Ice004_1K-JPG_NormalDX.jpg
  artifactKey: Guid(edd31014c344ae84ba9f93cc749362cc) Importer(815301076,1909f56bfc062723c751e8b465ee728b)
Start importing Assets/Material/Ice/Ice004_1K-JPG_NormalDX.jpg using Guid(edd31014c344ae84ba9f93cc749362cc) Importer(815301076,1909f56bfc062723c751e8b465ee728b)  -> (artifact id: 'e7f0482ccdfede6174c8da0b73ef8101') in 0.015789 seconds
Number of updated asset objects reloaded before import = 0
Number of asset objects unloaded after import = 2
========================================================================
Received Import Request.
  Time since last request: 0.000029 seconds.
  path: Assets/Material/Ice/Ice004_1K-JPG_Roughness.jpg
  artifactKey: Guid(392d8f2676807f144b97d975ff7183d4) Importer(815301076,1909f56bfc062723c751e8b465ee728b)
Start importing Assets/Material/Ice/Ice004_1K-JPG_Roughness.jpg using Guid(392d8f2676807f144b97d975ff7183d4) Importer(815301076,1909f56bfc062723c751e8b465ee728b)  -> (artifact id: 'ee12b5ab9d1b511f64d223c95a8c6c68') in 0.016866 seconds
Number of updated asset objects reloaded before import = 0
Number of asset objects unloaded after import = 2
========================================================================
Received Import Request.
  Time since last request: 44.595558 seconds.
  path: Assets/Material/Ice/IceMaterial.mat
  artifactKey: Guid(bf4cee601f1ec31408c1be8ea25562ca) Importer(815301076,1909f56bfc062723c751e8b465ee728b)
Start importing Assets/Material/Ice/IceMaterial.mat using Guid(bf4cee601f1ec31408c1be8ea25562ca) Importer(815301076,1909f56bfc062723c751e8b465ee728b)  -> (artifact id: 'f6d1678f462fc6cf1ce7847584c5982c') in 0.014882 seconds
Number of updated asset objects reloaded before import = 0
Number of asset objects unloaded after import = 1
========================================================================
Received Import Request.
  Time since last request: 61.754424 seconds.
  path: Assets/TextMesh Pro/Examples & Extras/Textures/Fruit Jelly (B&W).jpg
  artifactKey: Guid(1cdc5b506b1a4a33a53c30669ced1f51) Importer(815301076,1909f56bfc062723c751e8b465ee728b)
Start importing Assets/TextMesh Pro/Examples & Extras/Textures/Fruit Jelly (B&W).jpg using Guid(1cdc5b506b1a4a33a53c30669ced1f51) Importer(815301076,1909f56bfc062723c751e8b465ee728b)  -> (artifact id: '6d9a4bc8729f28785e8bc9abccbf4362') in 0.015119 seconds
Number of updated asset objects reloaded before import = 0
Number of asset objects unloaded after import = 2
========================================================================
Received Import Request.
  Time since last request: 0.000021 seconds.
  path: Assets/TextMesh Pro/Examples & Extras/Textures/Mask Zig-n-Zag.psd
  artifactKey: Guid(bb8dfcd263ad4eb383a33d74a720be6f) Importer(815301076,1909f56bfc062723c751e8b465ee728b)
Start importing Assets/TextMesh Pro/Examples & Extras/Textures/Mask Zig-n-Zag.psd using Guid(bb8dfcd263ad4eb383a33d74a720be6f) Importer(815301076,1909f56bfc062723c751e8b465ee728b)  -> (artifact id: 'dca02ddbf645195ef99f43f87359c0d7') in 0.021232 seconds
Number of updated asset objects reloaded before import = 0
Number of asset objects unloaded after import = 2
========================================================================
Received Import Request.
  Time since last request: 0.000040 seconds.
  path: Assets/TextMesh Pro/Examples & Extras/Textures/Small Crate_diffuse.jpg
  artifactKey: Guid(602cb87b6a29443b8636370ea0751574) Importer(815301076,1909f56bfc062723c751e8b465ee728b)
Start importing Assets/TextMesh Pro/Examples & Extras/Textures/Small Crate_diffuse.jpg using Guid(602cb87b6a29443b8636370ea0751574) Importer(815301076,1909f56bfc062723c751e8b465ee728b)  -> (artifact id: '18acd3234fcdfed8dd984283b2561e66') in 0.019675 seconds
Number of updated asset objects reloaded before import = 0
Number of asset objects unloaded after import = 2
========================================================================
Received Import Request.
  Time since last request: 0.000058 seconds.
  path: Assets/Sprites/Checkpoint/Start (Idle).png
  artifactKey: Guid(5316adf2828f0ac44aba175016c5507c) Importer(815301076,1909f56bfc062723c751e8b465ee728b)
Start importing Assets/Sprites/Checkpoint/Start (Idle).png using Guid(5316adf2828f0ac44aba175016c5507c) Importer(815301076,1909f56bfc062723c751e8b465ee728b)  -> (artifact id: '42b84540ee3cab29c54278c2f09020c4') in 0.028765 seconds
Number of updated asset objects reloaded before import = 0
Number of asset objects unloaded after import = 3
========================================================================
Received Import Request.
  Time since last request: 0.000029 seconds.
  path: Assets/Sprites/Checkpoint/Start (Moving) (64x64).png
  artifactKey: Guid(30b8abee63092064e9eb243cba42c957) Importer(815301076,1909f56bfc062723c751e8b465ee728b)
Start importing Assets/Sprites/Checkpoint/Start (Moving) (64x64).png using Guid(30b8abee63092064e9eb243cba42c957) Importer(815301076,1909f56bfc062723c751e8b465ee728b)  -> (artifact id: 'a3f664543b1bf516eeff0d422ebbafc9') in 0.076143 seconds
Number of updated asset objects reloaded before import = 0
Number of asset objects unloaded after import = 19
========================================================================
Received Import Request.
  Time since last request: 1.723987 seconds.
  path: Assets/Sprites/Pickups/Strawberry.png
  artifactKey: Guid(1be566419f7cbbd4aa7770f71e076470) Importer(815301076,1909f56bfc062723c751e8b465ee728b)
Start importing Assets/Sprites/Pickups/Strawberry.png using Guid(1be566419f7cbbd4aa7770f71e076470) Importer(815301076,1909f56bfc062723c751e8b465ee728b)  -> (artifact id: '7f782c99cae14c7fd697d68188d03612') in 0.089354 seconds
Number of updated asset objects reloaded before import = 0
Number of asset objects unloaded after import = 19
========================================================================
Received Import Request.
  Time since last request: 0.000029 seconds.
  path: Assets/TextMesh Pro/Examples & Extras/Textures/Text Overflow - Linked Text UI Screenshot.png
  artifactKey: Guid(c76d18757a194d618355f05f815cb0a1) Importer(815301076,1909f56bfc062723c751e8b465ee728b)
Start importing Assets/TextMesh Pro/Examples & Extras/Textures/Text Overflow - Linked Text UI Screenshot.png using Guid(c76d18757a194d618355f05f815cb0a1) Importer(815301076,1909f56bfc062723c751e8b465ee728b)  -> (artifact id: '814a06867d40417e77043529802e0f9f') in 0.020516 seconds
Number of updated asset objects reloaded before import = 0
Number of asset objects unloaded after import = 2
========================================================================
Received Import Request.
  Time since last request: 48.724928 seconds.
  path: Assets/Material/Ice/IceMaterial.mat
  artifactKey: Guid(bf4cee601f1ec31408c1be8ea25562ca) Importer(815301076,1909f56bfc062723c751e8b465ee728b)
Start importing Assets/Material/Ice/IceMaterial.mat using Guid(bf4cee601f1ec31408c1be8ea25562ca) Importer(815301076,1909f56bfc062723c751e8b465ee728b)  -> (artifact id: '94e8762cd54a8249e88005130d8c0e36') in 0.027783 seconds
Number of updated asset objects reloaded before import = 0
Number of asset objects unloaded after import = 2
========================================================================
Received Import Request.
  Time since last request: 2099.844272 seconds.
  path: Assets/Material/Ice/IceMaterial.mat
  artifactKey: Guid(bf4cee601f1ec31408c1be8ea25562ca) Importer(815301076,1909f56bfc062723c751e8b465ee728b)
Start importing Assets/Material/Ice/IceMaterial.mat using Guid(bf4cee601f1ec31408c1be8ea25562ca) Importer(815301076,1909f56bfc062723c751e8b465ee728b)  -> (artifact id: '7cb5128a8bcb2804b14c6fca89492bcf') in 0.021469 seconds
Number of updated asset objects reloaded before import = 0
Number of asset objects unloaded after import = 2
